Build started 4/7/2017 4:50:26 PM.
     1>Project "c:\Users\bakerjoh.protrans\documents\visual studio 2013\Projects\Algabraic-v2\Algabraic-v2\Algabraic-v2.vcxproj" on node 2 (Build target(s)).
     1>ClCompile:
         C:\Program Files (x86)\Microsoft Visual Studio 12.0\VC\bin\CL.exe /c /ZI /nologo /W3 /WX- /sdl /Od /Oy- /D WIN32 /D _DEBUG /D _CONSOLE /D _LIB /D _UNICODE /D UNICODE /Gm /EHsc /RTC1 /MDd /GS /fp:precise /Zc:wchar_t /Zc:forScope /Fo"Debug\\" /Fd"Debug\vc120.pdb" /Gd /TP /analyze- /errorReport:prompt Calculator_Visitor.cpp Division_Node.cpp driver.cpp
         driver.cpp
         Division_Node.cpp
         Calculator_Visitor.cpp
     1>c:\users\bakerjoh.protrans\documents\visual studio 2013\projects\algabraic-v2\algabraic-v2\calculator_visitor.cpp(80): warning C4554: '&' : check operator precedence for possible error; use parentheses to clarify precedence
     1>c:\users\bakerjoh.protrans\documents\visual studio 2013\projects\algabraic-v2\algabraic-v2\calculator_visitor.cpp(99): warning C4554: '&' : check operator precedence for possible error; use parentheses to clarify precedence
     1>c:\users\bakerjoh.protrans\documents\visual studio 2013\projects\algabraic-v2\algabraic-v2\calculator_visitor.cpp(174): warning C4018: '<' : signed/unsigned mismatch
         Generating Code...
       Link:
         C:\Program Files (x86)\Microsoft Visual Studio 12.0\VC\bin\link.exe /ERRORREPORT:PROMPT /OUT:"c:\users\bakerjoh.protrans\documents\visual studio 2013\Projects\Algabraic-v2\Debug\Algabraic-v2.exe" /INCREMENTAL /NOLOGO kernel32.lib user32.lib gdi32.lib winspool.lib comdlg32.lib advapi32.lib shell32.lib ole32.lib oleaut32.lib uuid.lib odbc32.lib odbccp32.lib /MANIFEST /MANIFESTUAC:"level='asInvoker' uiAccess='false'" /manifest:embed /DEBUG /PDB:"c:\users\bakerjoh.protrans\documents\visual studio 2013\Projects\Algabraic-v2\Debug\Algabraic-v2.pdb" /SUBSYSTEM:CONSOLE /TLBID:1 /DYNAMICBASE /NXCOMPAT /IMPLIB:"c:\users\bakerjoh.protrans\documents\visual studio 2013\Projects\Algabraic-v2\Debug\Algabraic-v2.lib" /MACHINE:X86 Debug\Addition_Node.obj
         Debug\Array.obj
         Debug\Binary_Expr_Node.obj
         Debug\Calculator_Visitor.obj
         Debug\Division_Node.obj
         Debug\driver.obj
         Debug\Eval_Expr_Tree.obj
         Debug\Expr_Builder.obj
         Debug\Expr_Node.obj
         Debug\Expr_Node_Visitor.obj
         Debug\Expr_Tree_Builder.obj
         Debug\Multiplication_Node.obj
         Debug\Number_Node.obj
         Debug\Parenthesis_Node.obj
         Debug\Percentage_Node.obj
         Debug\Stack.obj
         Debug\Subraction_Node.obj
         Algabraic-v2.vcxproj -> c:\users\bakerjoh.protrans\documents\visual studio 2013\Projects\Algabraic-v2\Debug\Algabraic-v2.exe
     1>Done Building Project "c:\Users\bakerjoh.protrans\documents\visual studio 2013\Projects\Algabraic-v2\Algabraic-v2\Algabraic-v2.vcxproj" (Build target(s)).

Build succeeded.

Time Elapsed 00:00:01.64
