c:\users\bakerjoh.protrans\documents\visual studio 2013\projects\algabraic-v2\algabraic-v2\debug\vc120.pdb
c:\users\bakerjoh.protrans\documents\visual studio 2013\projects\algabraic-v2\algabraic-v2\debug\vc120.idb
c:\users\bakerjoh.protrans\documents\visual studio 2013\projects\algabraic-v2\algabraic-v2\debug\addition_node.obj
c:\users\bakerjoh.protrans\documents\visual studio 2013\projects\algabraic-v2\algabraic-v2\debug\array.obj
c:\users\bakerjoh.protrans\documents\visual studio 2013\projects\algabraic-v2\algabraic-v2\debug\binary_expr_node.obj
c:\users\bakerjoh.protrans\documents\visual studio 2013\projects\algabraic-v2\algabraic-v2\debug\division_node.obj
c:\users\bakerjoh.protrans\documents\visual studio 2013\projects\algabraic-v2\algabraic-v2\debug\driver.obj
c:\users\bakerjoh.protrans\documents\visual studio 2013\projects\algabraic-v2\algabraic-v2\debug\eval_expr_tree.obj
c:\users\bakerjoh.protrans\documents\visual studio 2013\projects\algabraic-v2\algabraic-v2\debug\expr_builder.obj
c:\users\bakerjoh.protrans\documents\visual studio 2013\projects\algabraic-v2\algabraic-v2\debug\expr_node.obj
c:\users\bakerjoh.protrans\documents\visual studio 2013\projects\algabraic-v2\algabraic-v2\debug\expr_node_visitor.obj
c:\users\bakerjoh.protrans\documents\visual studio 2013\projects\algabraic-v2\algabraic-v2\debug\expr_tree_builder.obj
c:\users\bakerjoh.protrans\documents\visual studio 2013\projects\algabraic-v2\algabraic-v2\debug\multiplication_node.obj
c:\users\bakerjoh.protrans\documents\visual studio 2013\projects\algabraic-v2\algabraic-v2\debug\number_node.obj
c:\users\bakerjoh.protrans\documents\visual studio 2013\projects\algabraic-v2\algabraic-v2\debug\parenthesis_node.obj
c:\users\bakerjoh.protrans\documents\visual studio 2013\projects\algabraic-v2\algabraic-v2\debug\percentage_node.obj
c:\users\bakerjoh.protrans\documents\visual studio 2013\projects\algabraic-v2\algabraic-v2\debug\subraction_node.obj
c:\users\bakerjoh.protrans\documents\visual studio 2013\projects\algabraic-v2\algabraic-v2\debug\stack.obj
c:\users\bakerjoh.protrans\documents\visual studio 2013\projects\algabraic-v2\debug\algabraic-v2.ilk
c:\users\bakerjoh.protrans\documents\visual studio 2013\projects\algabraic-v2\debug\algabraic-v2.exe
c:\users\bakerjoh.protrans\documents\visual studio 2013\projects\algabraic-v2\debug\algabraic-v2.pdb
c:\users\bakerjoh.protrans\documents\visual studio 2013\projects\algabraic-v2\algabraic-v2\debug\algabraic-v2.tlog\cl.command.1.tlog
c:\users\bakerjoh.protrans\documents\visual studio 2013\projects\algabraic-v2\algabraic-v2\debug\algabraic-v2.tlog\cl.read.1.tlog
c:\users\bakerjoh.protrans\documents\visual studio 2013\projects\algabraic-v2\algabraic-v2\debug\algabraic-v2.tlog\cl.write.1.tlog
c:\users\bakerjoh.protrans\documents\visual studio 2013\projects\algabraic-v2\algabraic-v2\debug\algabraic-v2.tlog\link.command.1.tlog
c:\users\bakerjoh.protrans\documents\visual studio 2013\projects\algabraic-v2\algabraic-v2\debug\algabraic-v2.tlog\link.read.1.tlog
c:\users\bakerjoh.protrans\documents\visual studio 2013\projects\algabraic-v2\algabraic-v2\debug\algabraic-v2.tlog\link.write.1.tlog
